Notifying browser that CSS file changed: resources/public/css/main.css
Notifying browser that CSS file changed: resources/public/css/main.css
Notifying browser that CSS file changed: resources/public/css/main.css
Notifying browser that CSS file changed: resources/public/css/main.css
Notifying browser that CSS file changed: resources/public/css/main.css
[0mCompiling "target/cljsbuild/public/js/app.js" from ["src/cljs" "src/cljc" "env/dev/cljs"]...[0m
[32mSuccessfully compiled "target/cljsbuild/public/js/app.js" in 1.822 seconds.[0m
notifying browser that file changed:  target/cljsbuild/public/js/out/goog/deps.js
notifying browser that file changed:  target/cljsbuild/public/js/out/cljs_deps.js
notifying browser that file changed:  target/cljsbuild/public/js/out/mds/core.js
[0mCompiling "target/cljsbuild/public/js/app.js" from ["src/cljs" "src/cljc" "env/dev/cljs"]...[0m
[32mSuccessfully compiled "target/cljsbuild/public/js/app.js" in 0.431 seconds.[0m
notifying browser that file changed:  target/cljsbuild/public/js/out/mds/core.js
[0mCompiling "target/cljsbuild/public/js/app.js" from ["src/cljs" "src/cljc" "env/dev/cljs"]...[0m
[32mSuccessfully compiled "target/cljsbuild/public/js/app.js" in 0.382 seconds.[0m
notifying browser that file changed:  target/cljsbuild/public/js/out/mds/core.js
[0mCompiling "target/cljsbuild/public/js/app.js" from ["src/cljs" "src/cljc" "env/dev/cljs"]...[0m
[32mSuccessfully compiled "target/cljsbuild/public/js/app.js" in 0.352 seconds.[0m
notifying browser that file changed:  target/cljsbuild/public/js/out/mds/core.js
[0mCompiling "target/cljsbuild/public/js/app.js" from ["src/cljs" "src/cljc" "env/dev/cljs"]...[0m
[32mSuccessfully compiled "target/cljsbuild/public/js/app.js" in 0.374 seconds.[0m
notifying browser that file changed:  target/cljsbuild/public/js/out/mds/core.js
[0mCompiling "target/cljsbuild/public/js/app.js" from ["src/cljs" "src/cljc" "env/dev/cljs"]...[0m
[32mSuccessfully compiled "target/cljsbuild/public/js/app.js" in 0.372 seconds.[0m
notifying browser that file changed:  target/cljsbuild/public/js/out/mds/core.js
[0mCompiling "target/cljsbuild/public/js/app.js" from ["src/cljs" "src/cljc" "env/dev/cljs"]...[0m
[32mSuccessfully compiled "target/cljsbuild/public/js/app.js" in 0.34 seconds.[0m
notifying browser that file changed:  target/cljsbuild/public/js/out/mds/core.js
[0mCompiling "target/cljsbuild/public/js/app.js" from ["src/cljs" "src/cljc" "env/dev/cljs"]...[0m
[32mSuccessfully compiled "target/cljsbuild/public/js/app.js" in 0.366 seconds.[0m
notifying browser that file changed:  target/cljsbuild/public/js/out/mds/core.js
[0mCompiling "target/cljsbuild/public/js/app.js" from ["src/cljs" "src/cljc" "env/dev/cljs"]...[0m
[32mSuccessfully compiled "target/cljsbuild/public/js/app.js" in 0.342 seconds.[0m
notifying browser that file changed:  target/cljsbuild/public/js/out/mds/core.js
[0mCompiling "target/cljsbuild/public/js/app.js" from ["src/cljs" "src/cljc" "env/dev/cljs"]...[0m
[32mSuccessfully compiled "target/cljsbuild/public/js/app.js" in 0.333 seconds.[0m
notifying browser that file changed:  target/cljsbuild/public/js/out/mds/core.js
[0mCompiling "target/cljsbuild/public/js/app.js" from ["src/cljs" "src/cljc" "env/dev/cljs"]...[0m
[32mSuccessfully compiled "target/cljsbuild/public/js/app.js" in 0.307 seconds.[0m
notifying browser that file changed:  target/cljsbuild/public/js/out/mds/core.js
[0mCompiling "target/cljsbuild/public/js/app.js" from ["src/cljs" "src/cljc" "env/dev/cljs"]...[0m
[32mSuccessfully compiled "target/cljsbuild/public/js/app.js" in 0.421 seconds.[0m
notifying browser that file changed:  target/cljsbuild/public/js/out/mds/core.js
[0mCompiling "target/cljsbuild/public/js/app.js" from ["src/cljs" "src/cljc" "env/dev/cljs"]...[0m
[32mSuccessfully compiled "target/cljsbuild/public/js/app.js" in 0.302 seconds.[0m
notifying browser that file changed:  target/cljsbuild/public/js/out/mds/core.js
[0mCompiling "target/cljsbuild/public/js/app.js" from ["src/cljs" "src/cljc" "env/dev/cljs"]...[0m
[32mSuccessfully compiled "target/cljsbuild/public/js/app.js" in 0.312 seconds.[0m
notifying browser that file changed:  target/cljsbuild/public/js/out/mds/core.js
Notifying browser that CSS file changed: resources/public/css/main.css
Notifying browser that CSS file changed: resources/public/css/main.css
Notifying browser that CSS file changed: resources/public/css/main.css
Notifying browser that CSS file changed: resources/public/css/main.css
Notifying browser that CSS file changed: resources/public/css/main.css
Notifying browser that CSS file changed: resources/public/css/main.css
Notifying browser that CSS file changed: resources/public/css/main.css
Notifying browser that CSS file changed: resources/public/css/main.css
Notifying browser that CSS file changed: resources/public/css/main.css
Notifying browser that CSS file changed: resources/public/css/main.css
Notifying browser that CSS file changed: resources/public/css/main.css
Notifying browser that CSS file changed: resources/public/css/main.css
Notifying browser that CSS file changed: resources/public/css/main.css
Notifying browser that CSS file changed: resources/public/css/main.css
Notifying browser that CSS file changed: resources/public/css/main.css
Notifying browser that CSS file changed: resources/public/css/main.css
Notifying browser that CSS file changed: resources/public/css/main.css
[0mCompiling "target/cljsbuild/public/js/app.js" from ["src/cljs" "src/cljc" "env/dev/cljs"]...[0m
[32mSuccessfully compiled "target/cljsbuild/public/js/app.js" in 1.197 seconds.[0m
notifying browser that file changed:  target/cljsbuild/public/js/out/mds/core.js
[0mCompiling "target/cljsbuild/public/js/app.js" from ["src/cljs" "src/cljc" "env/dev/cljs"]...[0m
[32mSuccessfully compiled "target/cljsbuild/public/js/app.js" in 0.283 seconds.[0m
notifying browser that file changed:  target/cljsbuild/public/js/out/mds/core.js
[0mCompiling "target/cljsbuild/public/js/app.js" from ["src/cljs" "src/cljc" "env/dev/cljs"]...[0m
[32mSuccessfully compiled "target/cljsbuild/public/js/app.js" in 0.292 seconds.[0m
notifying browser that file changed:  target/cljsbuild/public/js/out/mds/core.js
[0mCompiling "target/cljsbuild/public/js/app.js" from ["src/cljs" "src/cljc" "env/dev/cljs"]...[0m
[32mSuccessfully compiled "target/cljsbuild/public/js/app.js" in 0.437 seconds.[0m
notifying browser that file changed:  target/cljsbuild/public/js/out/mds/core.js
[0mCompiling "target/cljsbuild/public/js/app.js" from ["src/cljs" "src/cljc" "env/dev/cljs"]...[0m
[32mSuccessfully compiled "target/cljsbuild/public/js/app.js" in 0.324 seconds.[0m
notifying browser that file changed:  target/cljsbuild/public/js/out/mds/core.js
[0mCompiling "target/cljsbuild/public/js/app.js" from ["src/cljs" "src/cljc" "env/dev/cljs"]...[0m
[32mSuccessfully compiled "target/cljsbuild/public/js/app.js" in 0.48 seconds.[0m
notifying browser that file changed:  target/cljsbuild/public/js/out/mds/core.js
[0mCompiling "target/cljsbuild/public/js/app.js" from ["src/cljs" "src/cljc" "env/dev/cljs"]...[0m
[32mSuccessfully compiled "target/cljsbuild/public/js/app.js" in 0.606 seconds.[0m
notifying browser that file changed:  target/cljsbuild/public/js/out/mds/core.js
[0mCompiling "target/cljsbuild/public/js/app.js" from ["src/cljs" "src/cljc" "env/dev/cljs"]...[0m
[32mSuccessfully compiled "target/cljsbuild/public/js/app.js" in 0.682 seconds.[0m
notifying browser that file changed:  target/cljsbuild/public/js/out/mds/core.js
[0mCompiling "target/cljsbuild/public/js/app.js" from ["src/cljs" "src/cljc" "env/dev/cljs"]...[0m
[32mSuccessfully compiled "target/cljsbuild/public/js/app.js" in 0.445 seconds.[0m
notifying browser that file changed:  target/cljsbuild/public/js/out/mds/core.js
[0mCompiling "target/cljsbuild/public/js/app.js" from ["src/cljs" "src/cljc" "env/dev/cljs"]...[0m
[32mSuccessfully compiled "target/cljsbuild/public/js/app.js" in 0.423 seconds.[0m
notifying browser that file changed:  target/cljsbuild/public/js/out/mds/core.js
[0mCompiling "target/cljsbuild/public/js/app.js" from ["src/cljs" "src/cljc" "env/dev/cljs"]...[0m
[32mSuccessfully compiled "target/cljsbuild/public/js/app.js" in 0.317 seconds.[0m
notifying browser that file changed:  target/cljsbuild/public/js/out/mds/core.js
[0mCompiling "target/cljsbuild/public/js/app.js" from ["src/cljs" "src/cljc" "env/dev/cljs"]...[0m
[32mSuccessfully compiled "target/cljsbuild/public/js/app.js" in 0.295 seconds.[0m
notifying browser that file changed:  target/cljsbuild/public/js/out/mds/core.js
[0mCompiling "target/cljsbuild/public/js/app.js" from ["src/cljs" "src/cljc" "env/dev/cljs"]...[0m
[32mSuccessfully compiled "target/cljsbuild/public/js/app.js" in 0.43 seconds.[0m
notifying browser that file changed:  target/cljsbuild/public/js/out/mds/core.js
[0mCompiling "target/cljsbuild/public/js/app.js" from ["src/cljs" "src/cljc" "env/dev/cljs"]...[0m
[32mSuccessfully compiled "target/cljsbuild/public/js/app.js" in 0.343 seconds.[0m
notifying browser that file changed:  target/cljsbuild/public/js/out/mds/core.js
[0mCompiling "target/cljsbuild/public/js/app.js" from ["src/cljs" "src/cljc" "env/dev/cljs"]...[0m
[32mSuccessfully compiled "target/cljsbuild/public/js/app.js" in 0.28 seconds.[0m
notifying browser that file changed:  target/cljsbuild/public/js/out/mds/core.js
[0mCompiling "target/cljsbuild/public/js/app.js" from ["src/cljs" "src/cljc" "env/dev/cljs"]...[0m
[32mSuccessfully compiled "target/cljsbuild/public/js/app.js" in 0.307 seconds.[0m
notifying browser that file changed:  target/cljsbuild/public/js/out/mds/core.js
[0mCompiling "target/cljsbuild/public/js/app.js" from ["src/cljs" "src/cljc" "env/dev/cljs"]...[0m
[32mSuccessfully compiled "target/cljsbuild/public/js/app.js" in 0.302 seconds.[0m
notifying browser that file changed:  target/cljsbuild/public/js/out/goog/deps.js
notifying browser that file changed:  target/cljsbuild/public/js/out/cljs_deps.js
notifying browser that file changed:  target/cljsbuild/public/js/out/mds/core.js
[0mCompiling "target/cljsbuild/public/js/app.js" from ["src/cljs" "src/cljc" "env/dev/cljs"]...[0m
[32mSuccessfully compiled "target/cljsbuild/public/js/app.js" in 0.288 seconds.[0m
notifying browser that file changed:  target/cljsbuild/public/js/out/mds/core.js
[0mCompiling "target/cljsbuild/public/js/app.js" from ["src/cljs" "src/cljc" "env/dev/cljs"]...[0m
[32mSuccessfully compiled "target/cljsbuild/public/js/app.js" in 0.297 seconds.[0m
notifying browser that file changed:  target/cljsbuild/public/js/out/mds/core.js
[0mCompiling "target/cljsbuild/public/js/app.js" from ["src/cljs" "src/cljc" "env/dev/cljs"]...[0m
[32mSuccessfully compiled "target/cljsbuild/public/js/app.js" in 0.279 seconds.[0m
notifying browser that file changed:  target/cljsbuild/public/js/out/mds/core.js
[0mCompiling "target/cljsbuild/public/js/app.js" from ["src/cljs" "src/cljc" "env/dev/cljs"]...[0m
[32mSuccessfully compiled "target/cljsbuild/public/js/app.js" in 0.288 seconds.[0m
notifying browser that file changed:  target/cljsbuild/public/js/out/mds/core.js
[0mCompiling "target/cljsbuild/public/js/app.js" from ["src/cljs" "src/cljc" "env/dev/cljs"]...[0m
[32mSuccessfully compiled "target/cljsbuild/public/js/app.js" in 0.303 seconds.[0m
notifying browser that file changed:  target/cljsbuild/public/js/out/mds/core.js
[0mCompiling "target/cljsbuild/public/js/app.js" from ["src/cljs" "src/cljc" "env/dev/cljs"]...[0m
[32mSuccessfully compiled "target/cljsbuild/public/js/app.js" in 0.303 seconds.[0m
notifying browser that file changed:  target/cljsbuild/public/js/out/mds/core.js
[0mCompiling "target/cljsbuild/public/js/app.js" from ["src/cljs" "src/cljc" "env/dev/cljs"]...[0m
[32mSuccessfully compiled "target/cljsbuild/public/js/app.js" in 0.343 seconds.[0m
notifying browser that file changed:  target/cljsbuild/public/js/out/mds/core.js
[0mCompiling "target/cljsbuild/public/js/app.js" from ["src/cljs" "src/cljc" "env/dev/cljs"]...[0m
[32mSuccessfully compiled "target/cljsbuild/public/js/app.js" in 0.29 seconds.[0m
notifying browser that file changed:  target/cljsbuild/public/js/out/mds/core.js
[0mCompiling "target/cljsbuild/public/js/app.js" from ["src/cljs" "src/cljc" "env/dev/cljs"]...[0m
[32mSuccessfully compiled "target/cljsbuild/public/js/app.js" in 0.272 seconds.[0m
notifying browser that file changed:  target/cljsbuild/public/js/out/mds/core.js
[0mCompiling "target/cljsbuild/public/js/app.js" from ["src/cljs" "src/cljc" "env/dev/cljs"]...[0m
[32mSuccessfully compiled "target/cljsbuild/public/js/app.js" in 0.275 seconds.[0m
notifying browser that file changed:  target/cljsbuild/public/js/out/mds/core.js
[0mCompiling "target/cljsbuild/public/js/app.js" from ["src/cljs" "src/cljc" "env/dev/cljs"]...[0m
[32mSuccessfully compiled "target/cljsbuild/public/js/app.js" in 0.262 seconds.[0m
notifying browser that file changed:  target/cljsbuild/public/js/out/mds/core.js
[0mCompiling "target/cljsbuild/public/js/app.js" from ["src/cljs" "src/cljc" "env/dev/cljs"]...[0m
[32mSuccessfully compiled "target/cljsbuild/public/js/app.js" in 0.305 seconds.[0m
notifying browser that file changed:  target/cljsbuild/public/js/out/mds/core.js
[0mCompiling "target/cljsbuild/public/js/app.js" from ["src/cljs" "src/cljc" "env/dev/cljs"]...[0m
[32mSuccessfully compiled "target/cljsbuild/public/js/app.js" in 0.322 seconds.[0m
notifying browser that file changed:  target/cljsbuild/public/js/out/mds/core.js
[0mCompiling "target/cljsbuild/public/js/app.js" from ["src/cljs" "src/cljc" "env/dev/cljs"]...[0m
[32mSuccessfully compiled "target/cljsbuild/public/js/app.js" in 0.296 seconds.[0m
notifying browser that file changed:  target/cljsbuild/public/js/out/mds/core.js
[0mCompiling "target/cljsbuild/public/js/app.js" from ["src/cljs" "src/cljc" "env/dev/cljs"]...[0m
[32mSuccessfully compiled "target/cljsbuild/public/js/app.js" in 0.284 seconds.[0m
notifying browser that file changed:  target/cljsbuild/public/js/out/mds/core.js
[0mCompiling "target/cljsbuild/public/js/app.js" from ["src/cljs" "src/cljc" "env/dev/cljs"]...[0m
[32mSuccessfully compiled "target/cljsbuild/public/js/app.js" in 0.291 seconds.[0m
notifying browser that file changed:  target/cljsbuild/public/js/out/mds/core.js
[0mCompiling "target/cljsbuild/public/js/app.js" from ["src/cljs" "src/cljc" "env/dev/cljs"]...[0m
[32mSuccessfully compiled "target/cljsbuild/public/js/app.js" in 0.295 seconds.[0m
notifying browser that file changed:  target/cljsbuild/public/js/out/mds/core.js
[0mCompiling "target/cljsbuild/public/js/app.js" from ["src/cljs" "src/cljc" "env/dev/cljs"]...[0m
[31mFailed to compile "target/cljsbuild/public/js/app.js" in 0.167 seconds.[0m
[36m----  Could not Read  src/cljs/mds/core.cljs   line:34  column:38  ----[0m

  [1mInvalid number format [1=75][0m

  [36m32[0m  [36m([current target] (slow-scroll current[0m
  [36m33[0m  [36m                               target[0m
  [33m34[0m  [1m                               1=75))[0m
  [0m  [0m  [33m                                   ^--- Invalid number format [1=75][0m
  [36m35[0m  [36m([current target interval][0m
  [36m36[0m  [36m (let [step-dist 1[0m
  [36m37[0m  [36m       scroll (atom nil)][0m

[36m----  Reader Error : Please see src/cljs/mds/core.cljs  ----[0m
[0mCompiling "target/cljsbuild/public/js/app.js" from ["src/cljs" "src/cljc" "env/dev/cljs"]...[0m
[32mSuccessfully compiled "target/cljsbuild/public/js/app.js" in 0.327 seconds.[0m
notifying browser that file changed:  target/cljsbuild/public/js/out/mds/core.js
[0mCompiling "target/cljsbuild/public/js/app.js" from ["src/cljs" "src/cljc" "env/dev/cljs"]...[0m
[32mSuccessfully compiled "target/cljsbuild/public/js/app.js" in 0.336 seconds.[0m
notifying browser that file changed:  target/cljsbuild/public/js/out/mds/core.js
[0mCompiling "target/cljsbuild/public/js/app.js" from ["src/cljs" "src/cljc" "env/dev/cljs"]...[0m
[32mSuccessfully compiled "target/cljsbuild/public/js/app.js" in 0.274 seconds.[0m
notifying browser that file changed:  target/cljsbuild/public/js/out/mds/core.js
[0mCompiling "target/cljsbuild/public/js/app.js" from ["src/cljs" "src/cljc" "env/dev/cljs"]...[0m
[32mSuccessfully compiled "target/cljsbuild/public/js/app.js" in 0.428 seconds.[0m
notifying browser that file changed:  target/cljsbuild/public/js/out/mds/core.js
[0mCompiling "target/cljsbuild/public/js/app.js" from ["src/cljs" "src/cljc" "env/dev/cljs"]...[0m
[32mSuccessfully compiled "target/cljsbuild/public/js/app.js" in 0.374 seconds.[0m
notifying browser that file changed:  target/cljsbuild/public/js/out/mds/core.js
[0mCompiling "target/cljsbuild/public/js/app.js" from ["src/cljs" "src/cljc" "env/dev/cljs"]...[0m
[32mSuccessfully compiled "target/cljsbuild/public/js/app.js" in 0.362 seconds.[0m
notifying browser that file changed:  target/cljsbuild/public/js/out/mds/core.js
[0mCompiling "target/cljsbuild/public/js/app.js" from ["src/cljs" "src/cljc" "env/dev/cljs"]...[0m
[32mSuccessfully compiled "target/cljsbuild/public/js/app.js" in 0.369 seconds.[0m
notifying browser that file changed:  target/cljsbuild/public/js/out/mds/core.js
[0mCompiling "target/cljsbuild/public/js/app.js" from ["src/cljs" "src/cljc" "env/dev/cljs"]...[0m
[32mSuccessfully compiled "target/cljsbuild/public/js/app.js" in 0.364 seconds.[0m
notifying browser that file changed:  target/cljsbuild/public/js/out/mds/core.js
[0mCompiling "target/cljsbuild/public/js/app.js" from ["src/cljs" "src/cljc" "env/dev/cljs"]...[0m
[32mSuccessfully compiled "target/cljsbuild/public/js/app.js" in 0.303 seconds.[0m
notifying browser that file changed:  target/cljsbuild/public/js/out/mds/core.js
[0mCompiling "target/cljsbuild/public/js/app.js" from ["src/cljs" "src/cljc" "env/dev/cljs"]...[0m
[32mSuccessfully compiled "target/cljsbuild/public/js/app.js" in 0.268 seconds.[0m
notifying browser that file changed:  target/cljsbuild/public/js/out/mds/core.js
[0mCompiling "target/cljsbuild/public/js/app.js" from ["src/cljs" "src/cljc" "env/dev/cljs"]...[0m
[32mSuccessfully compiled "target/cljsbuild/public/js/app.js" in 0.266 seconds.[0m
notifying browser that file changed:  target/cljsbuild/public/js/out/mds/core.js
[0mCompiling "target/cljsbuild/public/js/app.js" from ["src/cljs" "src/cljc" "env/dev/cljs"]...[0m
[32mSuccessfully compiled "target/cljsbuild/public/js/app.js" in 0.282 seconds.[0m
notifying browser that file changed:  target/cljsbuild/public/js/out/mds/core.js
[0mCompiling "target/cljsbuild/public/js/app.js" from ["src/cljs" "src/cljc" "env/dev/cljs"]...[0m
[32mSuccessfully compiled "target/cljsbuild/public/js/app.js" in 0.303 seconds.[0m
notifying browser that file changed:  target/cljsbuild/public/js/out/mds/core.js
[0mCompiling "target/cljsbuild/public/js/app.js" from ["src/cljs" "src/cljc" "env/dev/cljs"]...[0m
[32mSuccessfully compiled "target/cljsbuild/public/js/app.js" in 0.268 seconds.[0m
notifying browser that file changed:  target/cljsbuild/public/js/out/mds/core.js
[0mCompiling "target/cljsbuild/public/js/app.js" from ["src/cljs" "src/cljc" "env/dev/cljs"]...[0m
[32mSuccessfully compiled "target/cljsbuild/public/js/app.js" in 0.291 seconds.[0m
notifying browser that file changed:  target/cljsbuild/public/js/out/mds/core.js
